<?xml version="1.0" encoding="UTF-8" standalone="yes"?><!DOCTYPE report PUBLIC "-//JACOCO//DTD Report 1.1//EN" "report.dtd"><report name="AreaLibary"><sessioninfo id="DESKTOP-9BT2C5V-e0a05248" start="1638370977911" dump="1638370978841"/><sessioninfo id="DESKTOP-9BT2C5V-1ba44624" start="1638370989392" dump="1638370990308"/><sessioninfo id="DESKTOP-9BT2C5V-c847ba4a" start="1638371089860" dump="1638371090896"/><sessioninfo id="DESKTOP-9BT2C5V-5cbff9b5" start="1638371639766" dump="1638371640717"/><sessioninfo id="DESKTOP-9BT2C5V-5261218e" start="1638371650472" dump="1638371651371"/><sessioninfo id="DESKTOP-9BT2C5V-7229ab1e" start="1638371661373" dump="1638371662354"/><sessioninfo id="DESKTOP-9BT2C5V-a24059bb" start="1638371897819" dump="1638371898735"/><sessioninfo id="DESKTOP-9BT2C5V-47026df3" start="1638372048433" dump="1638372049344"/><sessioninfo id="DESKTOP-9BT2C5V-59ac8ee9" start="1638372105834" dump="1638372106707"/><sessioninfo id="DESKTOP-9BT2C5V-f787f9c2" start="1638783290443" dump="1638783291628"/><sessioninfo id="DESKTOP-9BT2C5V-8991cb9" start="1638783325472" dump="1638783326624"/><sessioninfo id="DESKTOP-9BT2C5V-45c67522" start="1638789064528" dump="1638789065774"/><sessioninfo id="DESKTOP-9BT2C5V-b5b63768" start="1638789077203" dump="1638789078469"/><package name="com/AreaLibrary"><class name="com/AreaLibrary/Area" sourcefilename="Area.java"><method name="&lt;init&gt;" desc="()V" line="3"><counter type="INSTRUCTION" missed="0" covered="3"/><counter type="LINE" missed="0" covered="1"/><counter type="COMPLEXITY" missed="0" covered="1"/><counter type="METHOD" missed="0" covered="1"/></method><method name="area" desc="(II)I" line="6"><counter type="INSTRUCTION" missed="0" covered="6"/><counter type="LINE" missed="0" covered="2"/><counter type="COMPLEXITY" missed="0" covered="1"/><counter type="METHOD" missed="0" covered="1"/></method><counter type="INSTRUCTION" missed="0" covered="9"/><counter type="LINE" missed="0" covered="3"/><counter type="COMPLEXITY" missed="0" covered="2"/><counter type="METHOD" missed="0" covered="2"/><counter type="CLASS" missed="0" covered="1"/></class><sourcefile name="Area.java"><line nr="3" mi="0" ci="3" mb="0" cb="0"/><line nr="6" mi="0" ci="4" mb="0" cb="0"/><line nr="7" mi="0" ci="2" mb="0" cb="0"/><counter type="INSTRUCTION" missed="0" covered="9"/><counter type="LINE" missed="0" covered="3"/><counter type="COMPLEXITY" missed="0" covered="2"/><counter type="METHOD" missed="0" covered="2"/><counter type="CLASS" missed="0" covered="1"/></sourcefile><counter type="INSTRUCTION" missed="0" covered="9"/><counter type="LINE" missed="0" covered="3"/><counter type="COMPLEXITY" missed="0" covered="2"/><counter type="METHOD" missed="0" covered="2"/><counter type="CLASS" missed="0" covered="1"/></package><counter type="INSTRUCTION" missed="0" covered="9"/><counter type="LINE" missed="0" covered="3"/><counter type="COMPLEXITY" missed="0" covered="2"/><counter type="METHOD" missed="0" covered="2"/><counter type="CLASS" missed="0" covered="1"/></report>